<?xml version="1.0" encoding="UTF-8" ?>
<testsuite tests="1" failures="0" name="stepDefinitions.TestRunner" time="1.888" errors="1" skipped="0">
  <properties>
    <property name="java.runtime.name" value="Java(TM) SE Runtime Environment"/>
    <property name="java.vm.version" value="14.0.1+7"/>
    <property name="sun.boot.library.path" value="C:\Program Files\Java\jdk-14.0.1\bin"/>
    <property name="maven.multiModuleProjectDirectory" value="E:\new\CucumberA"/>
    <property name="java.vm.vendor" value="Oracle Corporation"/>
    <property name="java.vendor.url" value="https://java.oracle.com/"/>
    <property name="guice.disable.misplaced.annotation.check" value="true"/>
    <property name="path.separator" value=";"/>
    <property name="java.vm.name" value="Java HotSpot(TM) 64-Bit Server VM"/>
    <property name="sun.os.patch.level" value="Service Pack 1"/>
    <property name="user.script" value=""/>
    <property name="user.country" value="US"/>
    <property name="sun.java.launcher" value="SUN_STANDARD"/>
    <property name="java.vm.specification.name" value="Java Virtual Machine Specification"/>
    <property name="user.dir" value="E:\new\CucumberA"/>
    <property name="java.vm.compressedOopsMode" value="32-bit"/>
    <property name="java.runtime.version" value="14.0.1+7"/>
    <property name="os.arch" value="amd64"/>
    <property name="java.io.tmpdir" value="C:\Users\Nikita\AppData\Local\Temp\"/>
    <property name="line.separator" value="
"/>
    <property name="java.vm.specification.vendor" value="Oracle Corporation"/>
    <property name="user.variant" value=""/>
    <property name="os.name" value="Windows 7"/>
    <property name="classworlds.conf" value="E:\new\.metadata\.plugins\org.eclipse.m2e.launching\launches\m2conf12242024799568249558.tmp"/>
    <property name="sun.jnu.encoding" value="Cp1252"/>
    <property name="java.library.path" value="C:\Program Files\Java\jdk-14.0.1\bin;C:\windows\Sun\Java\bin;C:\windows\system32;C:\windows;C:/Program Files/Java/jdk-14.0.1/bin/server;C:/Program Files/Java/jdk-14.0.1/bin;C:/Users/Nikita/AppData/Local/Temp/eoi2926.tmp//plugins/org.eclipse.justj.openjdk.hotspot.jre.minimal.stripped.win32.x86_64_15.0.1.v20201027-0507/jre/bin/server;C:/Users/Nikita/AppData/Local/Temp/eoi2926.tmp//plugins/org.eclipse.justj.openjdk.hotspot.jre.minimal.stripped.win32.x86_64_15.0.1.v20201027-0507/jre/bin;C:\oraclexe\app\oracle\app\oracle\product\11.2.0\server\bin;C:\Program Files\Java\jdk1.8.0_191\bin;C:\Windows\System32;C:\Program Files\nodejs\;C:\Program Files\Git\cmd;C:\Program Files\Java\jdk1.8.0_191\bin;C:\Users\Nikita\AppData\Local\Programs\Microsoft VS Code\bin;C:\Users\Nikita\Downloads;;C:\Users\Nikita\Downloads;;."/>
    <property name="jdk.debug" value="release"/>
    <property name="java.class.version" value="58.0"/>
    <property name="java.specification.name" value="Java Platform API Specification"/>
    <property name="sun.management.compiler" value="HotSpot 64-Bit Tiered Compilers"/>
    <property name="os.version" value="6.1"/>
    <property name="user.home" value="C:\Users\Nikita"/>
    <property name="user.timezone" value="Asia/Calcutta"/>
    <property name="file.encoding" value="Cp1252"/>
    <property name="java.specification.version" value="14"/>
    <property name="user.name" value="Nikita"/>
    <property name="java.class.path" value="C:\Users\Nikita\.p2\pool\plugins\org.eclipse.m2e.maven.runtime_1.16.0.20200610-1735\jars\plexus-classworlds-2.6.0.jar"/>
    <property name="java.vm.specification.version" value="14"/>
    <property name="sun.arch.data.model" value="64"/>
    <property name="sun.java.command" value="org.codehaus.plexus.classworlds.launcher.Launcher -B -gs C:\Users\Nikita\Downloads\1SEL\1SEL\apache-maven-3.5.4-bin\apache-maven-3.5.4\conf\settings.xml -s C:\Users\Nikita\Downloads\1SEL\1SEL\apache-maven-3.5.4-bin\apache-maven-3.5.4\conf\settings.xml install"/>
    <property name="java.home" value="C:\Program Files\Java\jdk-14.0.1"/>
    <property name="user.language" value="en"/>
    <property name="java.specification.vendor" value="Oracle Corporation"/>
    <property name="java.vm.info" value="mixed mode, sharing"/>
    <property name="java.version" value="14.0.1"/>
    <property name="java.vendor" value="Oracle Corporation"/>
    <property name="maven.home" value="E:\new\CucumberA\EMBEDDED"/>
    <property name="file.separator" value="\"/>
    <property name="java.version.date" value="2020-04-14"/>
    <property name="java.vendor.url.bug" value="https://bugreport.java.com/bugreport/"/>
    <property name="sun.io.unicode.encoding" value="UnicodeLittle"/>
    <property name="sun.cpu.endian" value="little"/>
    <property name="sun.cpu.isalist" value="amd64"/>
  </properties>
  <testcase classname="org.apache.maven.surefire.junit4.JUnit4Provider" name="stepDefinitions.TestRunner" time="1.888">
    <error message="&apos;org.junit.runner.Description org.junit.runner.Description.createSuiteDescription(java.lang.String, java.io.Serializable, java.lang.annotation.Annotation[])&apos;" type="java.lang.NoSuchMethodError">java.lang.NoSuchMethodError: &apos;org.junit.runner.Description org.junit.runner.Description.createSuiteDescription(java.lang.String, java.io.Serializable, java.lang.annotation.Annotation[])&apos;
	at io.cucumber.junit.FeatureRunner.getDescription(FeatureRunner.java:115)
	at io.cucumber.junit.Cucumber.describeChild(Cucumber.java:194)
	at io.cucumber.junit.Cucumber.describeChild(Cucumber.java:90)
	at org.junit.runners.ParentRunner.getDescription(ParentRunner.java:290)
	at org.junit.runners.ParentRunner.run(ParentRunner.java:296)
	at org.apache.maven.surefire.junit4.JUnit4Provider.execute(JUnit4Provider.java:252)
	at org.apache.maven.surefire.junit4.JUnit4Provider.executeTestSet(JUnit4Provider.java:141)
	at org.apache.maven.surefire.junit4.JUnit4Provider.invoke(JUnit4Provider.java:112)
	at java.base/jdk.internal.reflect.NativeMethodAccessorImpl.invoke0(Native Method)
	at java.base/jdk.internal.reflect.NativeMethodAccessorImpl.invoke(NativeMethodAccessorImpl.java:62)
	at java.base/jdk.internal.reflect.DelegatingMethodAccessorImpl.invoke(DelegatingMethodAccessorImpl.java:43)
	at java.base/java.lang.reflect.Method.invoke(Method.java:564)
	at org.apache.maven.surefire.util.ReflectionUtils.invokeMethodWithArray(ReflectionUtils.java:189)
	at org.apache.maven.surefire.booter.ProviderFactory$ProviderProxy.invoke(ProviderFactory.java:165)
	at org.apache.maven.surefire.booter.ProviderFactory.invokeProvider(ProviderFactory.java:85)
	at org.apache.maven.surefire.booter.ForkedBooter.runSuitesInProcess(ForkedBooter.java:115)
	at org.apache.maven.surefire.booter.ForkedBooter.main(ForkedBooter.java:75)
</error>
  </testcase>
</testsuite>